<?xml version="1.0" encoding="UTF-8"?>
<testsuites errors="42" failures="42"><testsuite name="BackstopJS" tests="51" errors="42" failures="42"><testcase name=" ›› visit-museum-1" classname="document"/><testcase name=" ›› Homepage*" classname="document"><error message="Design deviation ›› Homepage* (document) component" type="CSS component"/><failure message="Design deviation ›› Homepage* (document) component" type="CSS component"/></testcase><testcase name=" ›› museum" classname="document"><error message="Design deviation ›› museum (document) component" type="CSS component"/><failure message="Design deviation ›› museum (document) component" type="CSS component"/></testcase><testcase name=" ›› getting-here" classname="document"><error message="Design deviation ›› getting-here (document) component" type="CSS component"/><failure message="Design deviation ›› getting-here (document) component" type="CSS component"/></testcase><testcase name=" ›› visit" classname="document"><error message="Design deviation ›› visit (document) component" type="CSS component"/><failure message="Design deviation ›› visit (document) component" type="CSS component"/></testcase><testcase name=" ›› memorial" classname="document"><error message="Design deviation ›› memorial (document) component" type="CSS component"/><failure message="Design deviation ›› memorial (document) component" type="CSS component"/></testcase><testcase name=" ›› hours-operation" classname="document"><error message="Design deviation ›› hours-operation (document) component" type="CSS component"/><failure message="Design deviation ›› hours-operation (document) component" type="CSS component"/></testcase><testcase name=" ›› you-arrive" classname="document"><error message="Design deviation ›› you-arrive (document) component" type="CSS component"/><failure message="Design deviation ›› you-arrive (document) component" type="CSS component"/></testcase><testcase name=" ›› what-expect-your-museum-visit" classname="document"><error message="Design deviation ›› what-expect-your-museum-visit (document) component" type="CSS component"/><failure message="Design deviation ›› what-expect-your-museum-visit (document) component" type="CSS component"/></testcase><testcase name=" ›› tours" classname="document"><error message="Design deviation ›› tours (document) component" type="CSS component"/><failure message="Design deviation ›› tours (document) component" type="CSS component"/></testcase><testcase name=" ›› general" classname="document"/><testcase name=" ›› visit-911-memorial-museum-0" classname="document"><error message="Design deviation ›› visit-911-memorial-museum-0 (document) component" type="CSS component"/><failure message="Design deviation ›› visit-911-memorial-museum-0 (document) component" type="CSS component"/></testcase><testcase name=" ›› citypass" classname="document"><error message="Design deviation ›› citypass (document) component" type="CSS component"/><failure message="Design deviation ›› citypass (document) component" type="CSS component"/></testcase><testcase name=" ›› exhibitions" classname="document"><error message="Design deviation ›› exhibitions (document) component" type="CSS component"/><failure message="Design deviation ›› exhibitions (document) component" type="CSS component"/></testcase><testcase name=" ›› about-museum" classname="document"><error message="Design deviation ›› about-museum (document) component" type="CSS component"/><failure message="Design deviation ›› about-museum (document) component" type="CSS component"/></testcase><testcase name=" ›› about-memorial" classname="document"><error message="Design deviation ›› about-memorial (document) component" type="CSS component"/><failure message="Design deviation ›› about-memorial (document) component" type="CSS component"/></testcase><testcase name=" ›› interactive-911-timelines" classname="document"><error message="Design deviation ›› interactive-911-timelines (document) component" type="CSS component"/><failure message="Design deviation ›› interactive-911-timelines (document) component" type="CSS component"/></testcase><testcase name=" ›› names-memorial-0" classname="document"><error message="Design deviation ›› names-memorial-0 (document) component" type="CSS component"/><failure message="Design deviation ›› names-memorial-0 (document) component" type="CSS component"/></testcase><testcase name=" ›› visitor-rules-and-regulations" classname="document"><error message="Design deviation ›› visitor-rules-and-regulations (document) component" type="CSS component"/><failure message="Design deviation ›› visitor-rules-and-regulations (document) component" type="CSS component"/></testcase><testcase name=" ›› new-view-Cover-Stories" classname="document"/><testcase name=" ›› dashboard" classname="document"/><testcase name=" ›› survivor-tree" classname="document"><error message="Design deviation ›› survivor-tree (document) component" type="CSS component"/><failure message="Design deviation ›› survivor-tree (document) component" type="CSS component"/></testcase><testcase name=" ›› faq-about-911" classname="document"><error message="Design deviation ›› faq-about-911 (document) component" type="CSS component"/><failure message="Design deviation ›› faq-about-911 (document) component" type="CSS component"/></testcase><testcase name=" ›› reservations-fees" classname="document"><error message="Design deviation ›› reservations-fees (document) component" type="CSS component"/><failure message="Design deviation ›› reservations-fees (document) component" type="CSS component"/></testcase><testcase name=" ›› national-september-11-memorial-museum" classname="document"><error message="Design deviation ›› national-september-11-memorial-museum (document) component" type="CSS component"/><failure message="Design deviation ›› national-september-11-memorial-museum (document) component" type="CSS component"/></testcase><testcase name=" ›› contact-us" classname="document"><error message="Design deviation ›› contact-us (document) component" type="CSS component"/><failure message="Design deviation ›› contact-us (document) component" type="CSS component"/></testcase><testcase name=" ›› comeback-season-sports-after-911" classname="document"><error message="Design deviation ›› comeback-season-sports-after-911 (document) component" type="CSS component"/><failure message="Design deviation ›› comeback-season-sports-after-911 (document) component" type="CSS component"/></testcase><testcase name=" ›› interactive-museum-experience" classname="document"><error message="Design deviation ›› interactive-museum-experience (document) component" type="CSS component"/><failure message="Design deviation ›› interactive-museum-experience (document) component" type="CSS component"/></testcase><testcase name=" ›› guide" classname="document"><error message="Design deviation ›› guide (document) component" type="CSS component"/><failure message="Design deviation ›› guide (document) component" type="CSS component"/></testcase><testcase name=" ›› explore-memorial" classname="document"><error message="Design deviation ›› explore-memorial (document) component" type="CSS component"/><failure message="Design deviation ›› explore-memorial (document) component" type="CSS component"/></testcase><testcase name=" ›› events" classname="document"/><testcase name=" ›› user" classname="document"/><testcase name=" ›› museum-space" classname="document"><error message="Design deviation ›› museum-space (document) component" type="CSS component"/><failure message="Design deviation ›› museum-space (document) component" type="CSS component"/></testcase><testcase name=" ›› information-911-family-members" classname="document"><error message="Design deviation ›› information-911-family-members (document) component" type="CSS component"/><failure message="Design deviation ›› information-911-family-members (document) component" type="CSS component"/></testcase><testcase name=" ›› become-museum-member" classname="document"/><testcase name=" ›› stay-local" classname="document"><error message="Design deviation ›› stay-local (document) component" type="CSS component"/><failure message="Design deviation ›› stay-local (document) component" type="CSS component"/></testcase><testcase name=" ›› job-opportunities" classname="document"><error message="Design deviation ›› job-opportunities (document) component" type="CSS component"/><failure message="Design deviation ›› job-opportunities (document) component" type="CSS component"/></testcase><testcase name=" ›› world-trade-center-history" classname="document"><error message="Design deviation ›› world-trade-center-history (document) component" type="CSS component"/><failure message="Design deviation ›› world-trade-center-history (document) component" type="CSS component"/></testcase><testcase name=" ›› 911-memorial-webcam" classname="document"><error message="Design deviation ›› 911-memorial-webcam (document) component" type="CSS component"/><failure message="Design deviation ›› 911-memorial-webcam (document) component" type="CSS component"/></testcase><testcase name=" ›› 911-family-member-visit-information" classname="document"><error message="Design deviation ›› 911-family-member-visit-information (document) component" type="CSS component"/><failure message="Design deviation ›› 911-family-member-visit-information (document) component" type="CSS component"/></testcase><testcase name=" ›› groups-0" classname="document"><error message="Design deviation ›› groups-0 (document) component" type="CSS component"/><failure message="Design deviation ›› groups-0 (document) component" type="CSS component"/></testcase><testcase name=" ›› design-overview" classname="document"><error message="Design deviation ›› design-overview (document) component" type="CSS component"/><failure message="Design deviation ›› design-overview (document) component" type="CSS component"/></testcase><testcase name=" ›› names-memorial" classname="document"><error message="Design deviation ›› names-memorial (document) component" type="CSS component"/><failure message="Design deviation ›› names-memorial (document) component" type="CSS component"/></testcase><testcase name=" ›› 911-museum-audio-guide" classname="document"><error message="Design deviation ›› 911-museum-audio-guide (document) component" type="CSS component"/><failure message="Design deviation ›› 911-museum-audio-guide (document) component" type="CSS component"/></testcase><testcase name=" ›› visit-911-memorial" classname="document"><error message="Design deviation ›› visit-911-memorial (document) component" type="CSS component"/><failure message="Design deviation ›› visit-911-memorial (document) component" type="CSS component"/></testcase><testcase name=" ›› make-monetary-donation-now" classname="document"/><testcase name=" ›› accessibility-information" classname="document"><error message="Design deviation ›› accessibility-information (document) component" type="CSS component"/><failure message="Design deviation ›› accessibility-information (document) component" type="CSS component"/></testcase><testcase name=" ›› %E2%80%98horse-soldier%E2%80%99-statue-dedicated-liberty-park" classname="document"/><testcase name=" ›› board-directors" classname="document"><error message="Design deviation ›› board-directors (document) component" type="CSS component"/><failure message="Design deviation ›› board-directors (document) component" type="CSS component"/></testcase><testcase name=" ›› plaza-details-0" classname="document"><error message="Design deviation ›› plaza-details-0 (document) component" type="CSS component"/><failure message="Design deviation ›› plaza-details-0 (document) component" type="CSS component"/></testcase><testcase name=" ›› 1993-world-trade-center-bombing" classname="document"><error message="Design deviation ›› 1993-world-trade-center-bombing (document) component" type="CSS component"/><failure message="Design deviation ›› 1993-world-trade-center-bombing (document) component" type="CSS component"/></testcase></testsuite></testsuites>